0    [main] INFO  org.eclipse.jetty.server.Server  – jetty-8.1.10.v20130312
32   [main] INFO  org.eclipse.jetty.deploy.providers.ScanningAppProvider  – Deployment monitor /home/nassia/dev/project-blacklight/blacklight/jetty/contexts at interval 0
39   [main] INFO  org.eclipse.jetty.deploy.DeploymentManager  – Deployable added: /home/nassia/dev/project-blacklight/blacklight/jetty/contexts/solr.xml
886  [main] INFO  org.eclipse.jetty.webapp.StandardDescriptorProcessor  – NO JSP Support for /solr, did not find org.apache.jasper.servlet.JspServlet
943  [main] INFO  org.apache.solr.servlet.SolrDispatchFilter  – SolrDispatchFilter.init()
952  [main] INFO  org.apache.solr.core.SolrResourceLoader  – JNDI not configured for solr (NoInitialContextEx)
953  [main] INFO  org.apache.solr.core.SolrResourceLoader  – using system property solr.solr.home: /home/nassia/dev/project-blacklight/blacklight/jetty/solr
954  [main] INFO  org.apache.solr.core.SolrResourceLoader  – new SolrResourceLoader for directory: '/home/nassia/dev/project-blacklight/blacklight/jetty/solr/'
955  [main] INFO  org.apache.solr.core.SolrResourceLoader  – Adding 'file:/home/nassia/dev/project-blacklight/blacklight/jetty/solr/lib/contrib/' to classloader
955  [main] INFO  org.apache.solr.core.SolrResourceLoader  – Adding 'file:/home/nassia/dev/project-blacklight/blacklight/jetty/solr/lib/solr-langid-4.10.4.jar' to classloader
955  [main] INFO  org.apache.solr.core.SolrResourceLoader  – Adding 'file:/home/nassia/dev/project-blacklight/blacklight/jetty/solr/lib/solr-analysis-extras-4.10.4.jar' to classloader
956  [main] INFO  org.apache.solr.core.SolrResourceLoader  – Adding 'file:/home/nassia/dev/project-blacklight/blacklight/jetty/solr/lib/solr-clustering-4.10.4.jar' to classloader
1075 [main] INFO  org.apache.solr.core.ConfigSolr  – Loading container configuration from /home/nassia/dev/project-blacklight/blacklight/jetty/solr/solr.xml
1134 [main] INFO  org.apache.solr.core.CoresLocator  – Config-defined core root directory: /home/nassia/dev/project-blacklight/blacklight/jetty/solr
1141 [main] INFO  org.apache.solr.core.CoreContainer  – New CoreContainer 842179210
1141 [main] INFO  org.apache.solr.core.CoreContainer  – Loading cores into CoreContainer [instanceDir=/home/nassia/dev/project-blacklight/blacklight/jetty/solr/]
1143 [main] INFO  org.apache.solr.core.CoreContainer  – loading shared library: /home/nassia/dev/project-blacklight/blacklight/jetty/solr/lib
1144 [main] INFO  org.apache.solr.core.SolrResourceLoader  – Adding 'file:/home/nassia/dev/project-blacklight/blacklight/jetty/solr/lib/contrib/' to classloader
1145 [main] INFO  org.apache.solr.core.SolrResourceLoader  – Adding 'file:/home/nassia/dev/project-blacklight/blacklight/jetty/solr/lib/solr-langid-4.10.4.jar' to classloader
1145 [main] INFO  org.apache.solr.core.SolrResourceLoader  – Adding 'file:/home/nassia/dev/project-blacklight/blacklight/jetty/solr/lib/solr-analysis-extras-4.10.4.jar' to classloader
1146 [main] INFO  org.apache.solr.core.SolrResourceLoader  – Adding 'file:/home/nassia/dev/project-blacklight/blacklight/jetty/solr/lib/solr-clustering-4.10.4.jar' to classloader
1161 [main] INFO  org.apache.solr.handler.component.HttpShardHandlerFactory  – Setting socketTimeout to: 0
1161 [main] INFO  org.apache.solr.handler.component.HttpShardHandlerFactory  – Setting urlScheme to: null
1166 [main] INFO  org.apache.solr.handler.component.HttpShardHandlerFactory  – Setting connTimeout to: 0
1166 [main] INFO  org.apache.solr.handler.component.HttpShardHandlerFactory  – Setting maxConnectionsPerHost to: 20
1166 [main] INFO  org.apache.solr.handler.component.HttpShardHandlerFactory  – Setting corePoolSize to: 0
1167 [main] INFO  org.apache.solr.handler.component.HttpShardHandlerFactory  – Setting maximumPoolSize to: 2147483647
1167 [main] INFO  org.apache.solr.handler.component.HttpShardHandlerFactory  – Setting maxThreadIdleTime to: 5
1167 [main] INFO  org.apache.solr.handler.component.HttpShardHandlerFactory  – Setting sizeOfQueue to: -1
1167 [main] INFO  org.apache.solr.handler.component.HttpShardHandlerFactory  – Setting fairnessPolicy to: false
1168 [main] INFO  org.apache.solr.handler.component.HttpShardHandlerFactory  – Setting useRetries to: false
1289 [main] INFO  org.apache.solr.update.UpdateShardHandler  – Creating UpdateShardHandler HTTP client with params: socketTimeout=0&connTimeout=0&retry=true
1291 [main] INFO  org.apache.solr.logging.LogWatcher  – SLF4J impl is org.slf4j.impl.Log4jLoggerFactory
1292 [main] INFO  org.apache.solr.logging.LogWatcher  – Registering Log Listener [Log4j (org.slf4j.impl.Log4jLoggerFactory)]
1293 [main] INFO  org.apache.solr.core.CoreContainer  – Host Name: 
1340 [main] INFO  org.apache.solr.core.CoresLocator  – Looking for core definitions underneath /home/nassia/dev/project-blacklight/blacklight/jetty/solr
1350 [main] INFO  org.apache.solr.core.CoresLocator  – Found core blacklight-core in /home/nassia/dev/project-blacklight/blacklight/jetty/solr/blacklight-core/
1350 [main] INFO  org.apache.solr.core.CoresLocator  – Found 1 core definitions
1352 [coreLoadExecutor-5-thread-1] INFO  org.apache.solr.core.SolrResourceLoader  – new SolrResourceLoader for directory: '/home/nassia/dev/project-blacklight/blacklight/jetty/solr/blacklight-core/'
1385 [coreLoadExecutor-5-thread-1] INFO  org.apache.solr.core.SolrConfig  – Adding specified lib dirs to ClassLoader
1386 [coreLoadExecutor-5-thread-1] INFO  org.apache.solr.core.SolrResourceLoader  – Adding 'file:/home/nassia/dev/project-blacklight/blacklight/jetty/solr/lib/contrib/analysis-extras/lib/icu4j-53.1.jar' to classloader
1386 [coreLoadExecutor-5-thread-1] INFO  org.apache.solr.core.SolrResourceLoader  – Adding 'file:/home/nassia/dev/project-blacklight/blacklight/jetty/solr/lib/contrib/analysis-extras/lib/morfologik-polish-1.7.1.jar' to classloader
1386 [coreLoadExecutor-5-thread-1] INFO  org.apache.solr.core.SolrResourceLoader  – Adding 'file:/home/nassia/dev/project-blacklight/blacklight/jetty/solr/lib/contrib/analysis-extras/lib/morfologik-fsa-1.7.1.jar' to classloader
1386 [coreLoadExecutor-5-thread-1] INFO  org.apache.solr.core.SolrResourceLoader  – Adding 'file:/home/nassia/dev/project-blacklight/blacklight/jetty/solr/lib/contrib/analysis-extras/lib/morfologik-stemming-1.7.1.jar' to classloader
1387 [coreLoadExecutor-5-thread-1] INFO  org.apache.solr.core.SolrResourceLoader  – Adding 'file:/home/nassia/dev/project-blacklight/blacklight/jetty/solr/lib/contrib/analysis-extras/lucene-libs/lucene-analyzers-stempel-4.10.4.jar' to classloader
1387 [coreLoadExecutor-5-thread-1] INFO  org.apache.solr.core.SolrResourceLoader  – Adding 'file:/home/nassia/dev/project-blacklight/blacklight/jetty/solr/lib/contrib/analysis-extras/lucene-libs/lucene-analyzers-icu-4.10.4.jar' to classloader
1387 [coreLoadExecutor-5-thread-1] INFO  org.apache.solr.core.SolrResourceLoader  – Adding 'file:/home/nassia/dev/project-blacklight/blacklight/jetty/solr/lib/contrib/analysis-extras/lucene-libs/lucene-analyzers-morfologik-4.10.4.jar' to classloader
1387 [coreLoadExecutor-5-thread-1] INFO  org.apache.solr.core.SolrResourceLoader  – Adding 'file:/home/nassia/dev/project-blacklight/blacklight/jetty/solr/lib/contrib/analysis-extras/lucene-libs/lucene-analyzers-smartcn-4.10.4.jar' to classloader
1426 [coreLoadExecutor-5-thread-1] INFO  org.apache.solr.core.SolrConfig  – Using Lucene MatchVersion: 4.0.0
1497 [coreLoadExecutor-5-thread-1] INFO  org.apache.solr.core.Config  – Loaded SolrConfig: solrconfig.xml
1504 [coreLoadExecutor-5-thread-1] INFO  org.apache.solr.schema.IndexSchema  – Reading Solr Schema from /home/nassia/dev/project-blacklight/blacklight/jetty/solr/blacklight-core/conf/schema.xml
1539 [coreLoadExecutor-5-thread-1] INFO  org.apache.solr.schema.IndexSchema  – [blacklight-core] Schema name=Blacklight VKC Index
1587 [coreLoadExecutor-5-thread-1] WARN  org.apache.solr.core.SolrResourceLoader  – Solr loaded a deprecated plugin/analysis class [solr.IntField]. Please consult documentation how to replace it accordingly.
1591 [coreLoadExecutor-5-thread-1] WARN  org.apache.solr.core.SolrResourceLoader  – Solr loaded a deprecated plugin/analysis class [solr.LongField]. Please consult documentation how to replace it accordingly.
1594 [coreLoadExecutor-5-thread-1] WARN  org.apache.solr.core.SolrResourceLoader  – Solr loaded a deprecated plugin/analysis class [solr.FloatField]. Please consult documentation how to replace it accordingly.
1597 [coreLoadExecutor-5-thread-1] WARN  org.apache.solr.core.SolrResourceLoader  – Solr loaded a deprecated plugin/analysis class [solr.DoubleField]. Please consult documentation how to replace it accordingly.
1599 [coreLoadExecutor-5-thread-1] WARN  org.apache.solr.core.SolrResourceLoader  – Solr loaded a deprecated plugin/analysis class [solr.DateField]. Please consult documentation how to replace it accordingly.
1756 [coreLoadExecutor-5-thread-1] INFO  org.apache.solr.schema.IndexSchema  – default search field in schema is text
1757 [coreLoadExecutor-5-thread-1] INFO  org.apache.solr.schema.IndexSchema  – query parser default operator is OR
1758 [coreLoadExecutor-5-thread-1] INFO  org.apache.solr.schema.IndexSchema  – unique key field: id
1845 [coreLoadExecutor-5-thread-1] INFO  org.apache.solr.core.CoreContainer  – Creating SolrCore 'blacklight-core' using configuration from instancedir /home/nassia/dev/project-blacklight/blacklight/jetty/solr/blacklight-core/
1859 [coreLoadExecutor-5-thread-1] INFO  org.apache.solr.core.SolrCore  – solr.StandardDirectoryFactory
1864 [coreLoadExecutor-5-thread-1] INFO  org.apache.solr.core.SolrCore  – [blacklight-core] Opening new SolrCore at /home/nassia/dev/project-blacklight/blacklight/jetty/solr/blacklight-core/, dataDir=/home/nassia/dev/project-blacklight/blacklight/jetty/solr/blacklight-core/data/
1864 [coreLoadExecutor-5-thread-1] INFO  org.apache.solr.core.SolrCore  – JMX monitoring not detected for core: blacklight-core
1874 [coreLoadExecutor-5-thread-1] INFO  org.apache.solr.core.CachingDirectoryFactory  – return new directory for /home/nassia/dev/project-blacklight/blacklight/jetty/solr/blacklight-core/data
1879 [coreLoadExecutor-5-thread-1] INFO  org.apache.solr.core.SolrCore  – New index directory detected: old=null new=/home/nassia/dev/project-blacklight/blacklight/jetty/solr/blacklight-core/data/index/
1879 [coreLoadExecutor-5-thread-1] INFO  org.apache.solr.core.CachingDirectoryFactory  – return new directory for /home/nassia/dev/project-blacklight/blacklight/jetty/solr/blacklight-core/data/index
1982 [coreLoadExecutor-5-thread-1] INFO  org.apache.solr.core.SolrCore  – no updateRequestProcessorChain defined as default, creating implicit default
1987 [coreLoadExecutor-5-thread-1] INFO  org.apache.solr.core.RequestHandlers  – created /update: org.apache.solr.handler.UpdateRequestHandler
1987 [coreLoadExecutor-5-thread-1] INFO  org.apache.solr.core.RequestHandlers  – created /update/json: org.apache.solr.handler.UpdateRequestHandler
1988 [coreLoadExecutor-5-thread-1] INFO  org.apache.solr.core.RequestHandlers  – created /update/csv: org.apache.solr.handler.UpdateRequestHandler
1988 [coreLoadExecutor-5-thread-1] INFO  org.apache.solr.core.RequestHandlers  – created /update/json/docs: org.apache.solr.handler.UpdateRequestHandler
1988 [coreLoadExecutor-5-thread-1] INFO  org.apache.solr.core.RequestHandlers  – adding lazy requestHandler: solr.ReplicationHandler
1989 [coreLoadExecutor-5-thread-1] INFO  org.apache.solr.core.RequestHandlers  – created /replication: solr.ReplicationHandler
1990 [coreLoadExecutor-5-thread-1] INFO  org.apache.solr.core.RequestHandlers  – created standard: solr.StandardRequestHandler
1991 [coreLoadExecutor-5-thread-1] INFO  org.apache.solr.core.RequestHandlers  – adding lazy requestHandler: solr.FieldAnalysisRequestHandler
1991 [coreLoadExecutor-5-thread-1] INFO  org.apache.solr.core.RequestHandlers  – created /analysis/field: solr.FieldAnalysisRequestHandler
1992 [coreLoadExecutor-5-thread-1] WARN  org.apache.solr.core.RequestHandlers  – Multiple requestHandler registered to the same name: /update ignoring: org.apache.solr.handler.UpdateRequestHandler
1992 [coreLoadExecutor-5-thread-1] INFO  org.apache.solr.core.RequestHandlers  – created /update: solr.UpdateRequestHandler
1993 [coreLoadExecutor-5-thread-1] INFO  org.apache.solr.core.RequestHandlers  – created /admin/: org.apache.solr.handler.admin.AdminHandlers
1995 [coreLoadExecutor-5-thread-1] INFO  org.apache.solr.core.RequestHandlers  – created /admin/ping: solr.PingRequestHandler
1999 [coreLoadExecutor-5-thread-1] INFO  org.apache.solr.core.RequestHandlers  – created search: solr.SearchHandler
1999 [coreLoadExecutor-5-thread-1] INFO  org.apache.solr.core.RequestHandlers  – created document: solr.SearchHandler
1999 [coreLoadExecutor-5-thread-1] INFO  org.apache.solr.core.RequestHandlers  – created advanced: solr.SearchHandler
2017 [coreLoadExecutor-5-thread-1] INFO  org.apache.solr.handler.loader.XMLLoader  – xsltCacheLifetimeSeconds=60
2020 [coreLoadExecutor-5-thread-1] INFO  org.apache.solr.handler.loader.XMLLoader  – xsltCacheLifetimeSeconds=60
2021 [coreLoadExecutor-5-thread-1] INFO  org.apache.solr.handler.loader.XMLLoader  – xsltCacheLifetimeSeconds=60
2021 [coreLoadExecutor-5-thread-1] INFO  org.apache.solr.handler.loader.XMLLoader  – xsltCacheLifetimeSeconds=60
2022 [coreLoadExecutor-5-thread-1] INFO  org.apache.solr.handler.loader.XMLLoader  – xsltCacheLifetimeSeconds=60
2029 [coreLoadExecutor-5-thread-1] INFO  org.apache.solr.core.SolrCore  – Hard AutoCommit: disabled
2030 [coreLoadExecutor-5-thread-1] INFO  org.apache.solr.core.SolrCore  – Soft AutoCommit: disabled
2069 [coreLoadExecutor-5-thread-1] INFO  org.apache.solr.core.SolrCore  – SolrDeletionPolicy.onInit: commits: num=1
	commit{dir=/home/nassia/dev/project-blacklight/blacklight/jetty/solr/blacklight-core/data/index,segFN=segments_1,generation=1}
2070 [coreLoadExecutor-5-thread-1] INFO  org.apache.solr.core.SolrCore  – newest commit generation = 1
2078 [coreLoadExecutor-5-thread-1] INFO  org.apache.solr.search.SolrIndexSearcher  – Opening Searcher@15ccb1b1[blacklight-core] main
2088 [coreLoadExecutor-5-thread-1] INFO  org.apache.solr.rest.ManagedResourceStorage  – File-based storage initialized to use dir: /home/nassia/dev/project-blacklight/blacklight/jetty/solr/blacklight-core/conf
2089 [coreLoadExecutor-5-thread-1] INFO  org.apache.solr.rest.RestManager  – Initializing RestManager with initArgs: {storageDir=/home/nassia/dev/project-blacklight/blacklight/jetty/solr/blacklight-core/conf}
2098 [coreLoadExecutor-5-thread-1] INFO  org.apache.solr.rest.ManagedResourceStorage  – Reading _rest_managed.json using file:dir=/home/nassia/dev/project-blacklight/blacklight/jetty/solr/blacklight-core/conf
2106 [coreLoadExecutor-5-thread-1] INFO  org.apache.solr.rest.ManagedResourceStorage  – Loaded LinkedHashMap at path _rest_managed.json using file:dir=/home/nassia/dev/project-blacklight/blacklight/jetty/solr/blacklight-core/conf
2107 [coreLoadExecutor-5-thread-1] INFO  org.apache.solr.rest.ManagedResource  – Loaded initArgs {} for /rest/managed
2109 [coreLoadExecutor-5-thread-1] INFO  org.apache.solr.rest.RestManager  – Initializing 0 registered ManagedResources
2110 [coreLoadExecutor-5-thread-1] INFO  org.apache.solr.handler.component.SpellCheckComponent  – Initializing spell checkers
2125 [coreLoadExecutor-5-thread-1] INFO  org.apache.solr.handler.component.SpellCheckComponent  – Registering newSearcher listener for spellchecker: default
2129 [coreLoadExecutor-5-thread-1] INFO  org.apache.solr.handler.component.SpellCheckComponent  – Registering newSearcher listener for spellchecker: author
2132 [coreLoadExecutor-5-thread-1] INFO  org.apache.solr.handler.component.SpellCheckComponent  – Registering newSearcher listener for spellchecker: subject
2133 [coreLoadExecutor-5-thread-1] INFO  org.apache.solr.handler.component.SpellCheckComponent  – Registering newSearcher listener for spellchecker: title
2133 [coreLoadExecutor-5-thread-1] INFO  org.apache.solr.handler.component.SpellCheckComponent  – No queryConverter defined, using default converter
2149 [searcherExecutor-6-thread-1] INFO  org.apache.solr.core.SolrCore  – [blacklight-core] Registered new searcher Searcher@15ccb1b1[blacklight-core] main{StandardDirectoryReader(segments_1:1:nrt)}
2149 [coreLoadExecutor-5-thread-1] INFO  org.apache.solr.core.CoreContainer  – registering core: blacklight-core
2151 [main] INFO  org.apache.solr.servlet.SolrDispatchFilter  – user.dir=/home/nassia/dev/project-blacklight/blacklight/jetty
2151 [main] INFO  org.apache.solr.servlet.SolrDispatchFilter  – SolrDispatchFilter.init() done
2191 [main] INFO  org.eclipse.jetty.server.AbstractConnector  – Started SocketConnector@0.0.0.0:8983
8954 [qtp361993357-14] INFO  org.apache.solr.servlet.SolrDispatchFilter  – [admin] webapp=null path=/admin/cores params={indexInfo=false&wt=json&_=1480513645893} status=0 QTime=5 
9163 [qtp361993357-16] INFO  org.apache.solr.servlet.SolrDispatchFilter  – [admin] webapp=null path=/admin/info/system params={wt=json&_=1480513645999} status=0 QTime=102 
24968 [qtp361993357-13] INFO  org.apache.solr.core.SolrCore  – UnInverted multi-valued field {field=lc_1letter_facet,memSize=4288,tindexSize=0,time=0,phase1=0,nTerms=0,bigTerms=0,termInstances=0,uses=0}
24969 [qtp361993357-13] INFO  org.apache.solr.core.SolrCore  – UnInverted multi-valued field {field=lc_alpha_facet,memSize=4288,tindexSize=0,time=0,phase1=0,nTerms=0,bigTerms=0,termInstances=0,uses=0}
24969 [qtp361993357-13] INFO  org.apache.solr.core.SolrCore  – UnInverted multi-valued field {field=lc_b4cutter_facet,memSize=4288,tindexSize=0,time=0,phase1=0,nTerms=0,bigTerms=0,termInstances=0,uses=0}
24970 [qtp361993357-13] INFO  org.apache.solr.core.SolrCore  – UnInverted multi-valued field {field=nassia_facet,memSize=4288,tindexSize=0,time=0,phase1=0,nTerms=0,bigTerms=0,termInstances=0,uses=0}
24973 [qtp361993357-13] INFO  org.apache.solr.core.SolrCore  – [blacklight-core] webapp=/solr path=/select params={q=*:*&defType=dismax&indent=true&wt=json&_=1480513661831} hits=0 status=0 QTime=93 
33765 [qtp361993357-13] INFO  org.apache.solr.core.SolrCore  – [blacklight-core] webapp=/solr path=/select params={q=*:*&defType=dismax&defType=edismax&indent=true&wt=json&lowercaseOperators=true&stopwords=true&_=1480513670716} hits=0 status=0 QTime=2 
34976 [qtp361993357-13] INFO  org.apache.solr.core.SolrCore  – [blacklight-core] webapp=/solr path=/select params={q=*:*&defType=dismax&defType=edismax&indent=true&wt=json&lowercaseOperators=true&stopwords=true&_=1480513671924} hits=0 status=0 QTime=5 
35991 [qtp361993357-13] INFO  org.apache.solr.core.SolrCore  – [blacklight-core] webapp=/solr path=/select params={q=*:*&defType=dismax&defType=edismax&indent=true&wt=json&lowercaseOperators=true&stopwords=true&_=1480513672939} hits=0 status=0 QTime=3 
36181 [qtp361993357-13] INFO  org.apache.solr.core.SolrCore  – [blacklight-core] webapp=/solr path=/select params={q=*:*&defType=dismax&defType=edismax&indent=true&wt=json&lowercaseOperators=true&stopwords=true&_=1480513673132} hits=0 status=0 QTime=3 
36399 [qtp361993357-13] INFO  org.apache.solr.core.SolrCore  – [blacklight-core] webapp=/solr path=/select params={q=*:*&defType=dismax&defType=edismax&indent=true&wt=json&lowercaseOperators=true&stopwords=true&_=1480513673348} hits=0 status=0 QTime=2 
36582 [qtp361993357-13] INFO  org.apache.solr.core.SolrCore  – [blacklight-core] webapp=/solr path=/select params={q=*:*&defType=dismax&defType=edismax&indent=true&wt=json&lowercaseOperators=true&stopwords=true&_=1480513673532} hits=0 status=0 QTime=3 
76109 [qtp361993357-16] ERROR org.apache.solr.core.SolrCore  – org.apache.solr.common.SolrException: undefined field: "pub_date"
	at org.apache.solr.schema.IndexSchema.getField(IndexSchema.java:1200)
	at org.apache.solr.parser.SolrQueryParserBase.getRangeQuery(SolrQueryParserBase.java:749)
	at org.apache.solr.parser.QueryParser.Term(QueryParser.java:382)
	at org.apache.solr.parser.QueryParser.Clause(QueryParser.java:185)
	at org.apache.solr.parser.QueryParser.Query(QueryParser.java:107)
	at org.apache.solr.parser.QueryParser.TopLevelQuery(QueryParser.java:96)
	at org.apache.solr.parser.SolrQueryParserBase.parse(SolrQueryParserBase.java:151)
	at org.apache.solr.search.LuceneQParser.parse(LuceneQParser.java:50)
	at org.apache.solr.search.QParser.getQuery(QParser.java:141)
	at org.apache.solr.request.SimpleFacets.getFacetQueryCounts(SimpleFacets.java:302)
	at org.apache.solr.request.SimpleFacets.getFacetCounts(SimpleFacets.java:263)
	at org.apache.solr.handler.component.FacetComponent.process(FacetComponent.java:107)
	at org.apache.solr.handler.component.SearchHandler.handleRequestBody(SearchHandler.java:218)
	at org.apache.solr.handler.RequestHandlerBase.handleRequest(RequestHandlerBase.java:135)
	at org.apache.solr.core.SolrCore.execute(SolrCore.java:1976)
	at org.apache.solr.servlet.SolrDispatchFilter.execute(SolrDispatchFilter.java:777)
	at org.apache.solr.servlet.SolrDispatchFilter.doFilter(SolrDispatchFilter.java:418)
	at org.apache.solr.servlet.SolrDispatchFilter.doFilter(SolrDispatchFilter.java:207)
	at org.eclipse.jetty.servlet.ServletHandler$CachedChain.doFilter(ServletHandler.java:1419)
	at org.eclipse.jetty.servlet.ServletHandler.doHandle(ServletHandler.java:455)
	at org.eclipse.jetty.server.handler.ScopedHandler.handle(ScopedHandler.java:137)
	at org.eclipse.jetty.security.SecurityHandler.handle(SecurityHandler.java:557)
	at org.eclipse.jetty.server.session.SessionHandler.doHandle(SessionHandler.java:231)
	at org.eclipse.jetty.server.handler.ContextHandler.doHandle(ContextHandler.java:1075)
	at org.eclipse.jetty.servlet.ServletHandler.doScope(ServletHandler.java:384)
	at org.eclipse.jetty.server.session.SessionHandler.doScope(SessionHandler.java:193)
	at org.eclipse.jetty.server.handler.ContextHandler.doScope(ContextHandler.java:1009)
	at org.eclipse.jetty.server.handler.ScopedHandler.handle(ScopedHandler.java:135)
	at org.eclipse.jetty.server.handler.ContextHandlerCollection.handle(ContextHandlerCollection.java:255)
	at org.eclipse.jetty.server.handler.HandlerCollection.handle(HandlerCollection.java:154)
	at org.eclipse.jetty.server.handler.HandlerWrapper.handle(HandlerWrapper.java:116)
	at org.eclipse.jetty.server.Server.handle(Server.java:368)
	at org.eclipse.jetty.server.AbstractHttpConnection.handleRequest(AbstractHttpConnection.java:489)
	at org.eclipse.jetty.server.BlockingHttpConnection.handleRequest(BlockingHttpConnection.java:53)
	at org.eclipse.jetty.server.AbstractHttpConnection.headerComplete(AbstractHttpConnection.java:942)
	at org.eclipse.jetty.server.AbstractHttpConnection$RequestHandler.headerComplete(AbstractHttpConnection.java:1004)
	at org.eclipse.jetty.http.HttpParser.parseNext(HttpParser.java:640)
	at org.eclipse.jetty.http.HttpParser.parseAvailable(HttpParser.java:235)
	at org.eclipse.jetty.server.BlockingHttpConnection.handle(BlockingHttpConnection.java:72)
	at org.eclipse.jetty.server.bio.SocketConnector$ConnectorEndPoint.run(SocketConnector.java:264)
	at org.eclipse.jetty.util.thread.QueuedThreadPool.runJob(QueuedThreadPool.java:608)
	at org.eclipse.jetty.util.thread.QueuedThreadPool$3.run(QueuedThreadPool.java:543)
	at java.lang.Thread.run(Thread.java:745)

76110 [qtp361993357-16] INFO  org.apache.solr.core.SolrCore  – [blacklight-core] webapp=/solr path=/select params={facet.query=pub_date:[2011+TO+*]&facet.query=pub_date:[2006+TO+*]&facet.query=pub_date:[1991+TO+*]&f.subject_topic_facet.facet.limit=21&facet.field=format&facet.field={!ex%3Dpub_date_single}pub_date&facet.field=subject_topic_facet&facet.field=language_facet&facet.field=lc_1letter_facet&facet.field=subject_geo_facet&facet.field=subject_era_facet&facet.field=nassia_facet&facet.pivot=format,language_facet&f.nassia_facet.facet.limit=21&sort=score+desc,+pub_date_sort+desc,+title_sort+asc&rows=10&wt=ruby&facet=true&f.language_facet.facet.limit=11} hits=0 status=400 QTime=9 
396423 [qtp361993357-14] INFO  org.apache.solr.core.SolrCore  – [blacklight-core] webapp=/solr path=/select params={sort=score+desc,+title_sort+asc&rows=10&wt=ruby} hits=0 status=0 QTime=1 
398254 [qtp361993357-15] INFO  org.apache.solr.core.SolrCore  – [blacklight-core] webapp=/solr path=/select params={qt=document&id=opensearch&wt=ruby} hits=0 status=0 QTime=1 
401856 [qtp361993357-17] INFO  org.apache.solr.core.SolrCore  – [blacklight-core] webapp=/solr path=/select params={sort=score+desc,+title_sort+asc&rows=10&wt=ruby} hits=0 status=0 QTime=1 
402599 [qtp361993357-19] INFO  org.apache.solr.core.SolrCore  – [blacklight-core] webapp=/solr path=/select params={qt=document&id=opensearch&wt=ruby} hits=0 status=0 QTime=1 
